<component name="libraryTable">
  <library name="junit-platform-console-standalone-1.7.2-all">
    <CLASSES>
      <root url="jar://$PROJECT_DIR$/src/junit-platform-console-standalone-1.7.2-all.jar!/" />
    </CLASSES>
    <JAVADOC />
    <SOURCES />
  </library>
</component>